1992 in X football,Mx4rvViADZwpEbGdrcN5Y29ycA,Event
Church buildings in X,Mx4rvVj0S5wpEbGdrcN5Y29ycA,ReligiousBuilding
X villages,Mx4rv33BppwpEbGdrcN5Y29ycA,Village
X clients,Mx4rwIlbF5wpEbGdrcN5Y29ycA,SoftwareObject
X autobiographies,Mx4rvVjmq5wpEbGdrcN5Y29ycA,Book-CW
People with acquired X,Mx4rvViAkpwpEbGdrcN5Y29ycA,Person
Delaware X,Mx4rvViA9JwpEbGdrcN5Y29ycA,Thing
X women film directors,Mx4rvVjqs5wpEbGdrcN5Y29ycA,Director-Movie
Internet properties established in N,Mx4rvViA9JwpEbGdrcN5Y29ycA,Thing
Ns science fiction novels,Mx4rvViJb5wpEbGdrcN5Y29ycA,Novel-CW
Philosophers from X,Mx4rvVjuapwpEbGdrcN5Y29ycA,Philosopher
Prime Ministers of the X,Mx4rvVkBhpwpEbGdrcN5Y29ycA,PrimeMinister-HeadOfGovernment
X wicket-keepers,Mx4r7vjP4RuaEd2f4ADggVfexA,Cricketer
Musical groups established in the Ns,Mx4rvgEZGJwpEbGdrcN5Y29ycA,Band-MusicGroup
1690s in X,Mx4rvViA9JwpEbGdrcN5Y29ycA,Thing
"X elections, 1982",Mx4rwQrmEZwpEbGdrcN5Y29ycA,Election
Pharaohs of the X of Egypt,Mx4rwQCWlpwpEbGdrcN5Y29ycA,Pharaoh-HeadOfState
"People from X, Nova Scotia",Mx4rvViAkpwpEbGdrcN5Y29ycA,Person
Maps of the history of X,Mx4rvViA9JwpEbGdrcN5Y29ycA,Thing
Works by John X,Mx4rwClAZJwpEbGdrcN5Y29ycA,ConceptualWork
X of Filipino descent,Mx4rvViAkpwpEbGdrcN5Y29ycA,Person
Plays set in X,Mx4rv0F5opwpEbGdrcN5Y29ycA,Play-CW
Ns in Pennsylvania,Mx4rvViA9JwpEbGdrcN5Y29ycA,Thing
Passenger trains of the X,Mx4rvVjIJZwpEbGdrcN5Y29ycA,Train-TransportationDevice
X competitions in the United States,Mx4rvViA9JwpEbGdrcN5Y29ycA,Thing
Roadside attractions in X,Mx4rwPfOMJwpEbGdrcN5Y29ycA,TouristAttraction
"Actors from X, California",Mx4rvVjaHZwpEbGdrcN5Y29ycA,Actor
X tenors,Mx4rvq3c4ZwpEbGdrcN5Y29ycA,Tenor-Singer
X from Texas,Mx4rvViAkpwpEbGdrcN5Y29ycA,Person
X thriller films,Mx4rv4lEQZwpEbGdrcN5Y29ycA,ThrillerMovie
X of Swiss descent,Mx4rvViAkpwpEbGdrcN5Y29ycA,Person
Pennsylvania X,Mx4rvViA9JwpEbGdrcN5Y29ycA,Thing
X calligraphers,Mx4rvViAkpwpEbGdrcN5Y29ycA,Person
German emigrants to X,Mx4rvVkMGZwpEbGdrcN5Y29ycA,GermanPerson
X jazz singers,Mx4rvVjiz5wpEbGdrcN5Y29ycA,Singer
"Maryland elections, N",Mx4rwQrmEZwpEbGdrcN5Y29ycA,Election
"Cities in X, Idaho",Mx4rvVjnZ5wpEbGdrcN5Y29ycA,City
Mixed martial artists from X,Mx4rwTJaJpwpEbGdrcN5Y29ycA,MartialArtist
"North Carolina elections, N",Mx4rwQrmEZwpEbGdrcN5Y29ycA,Election
Impact craters of X,Mx4rwPKjXpwpEbGdrcN5Y29ycA,Crater
X-language albums,Mx4rwLmi3JwpEbGdrcN5Y29ycA,Album-CW
Ships transferred from the United States Navy to the X,Mx4rvVirIJwpEbGdrcN5Y29ycA,Ship
X sheriffs,Mx4rRWTpvi9AQdicUZy0P3lKVQ,Sheriff
Finnish X,Mx4rvViA9JwpEbGdrcN5Y29ycA,Thing
X from Melbourne,Mx4rvViAkpwpEbGdrcN5Y29ycA,Person
Aircraft manufactured in X,Mx4rvViuUJwpEbGdrcN5Y29ycA,AirTransportationDevice
"X elections, 2014",Mx4rwQrmEZwpEbGdrcN5Y29ycA,Election
Channel N low-power TV stations in the United States,Mx4rwQCRppwpEbGdrcN5Y29ycA,TelevisionStation
X Formula One cars,Mx4rwUqIzJwpEbGdrcN5Y29ycA,Formula1RaceCar
X personnel of World War II,Mx4rvVjvBZwpEbGdrcN5Y29ycA,MilitaryPerson
Conservative parties in X,Mx4rvVj82pwpEbGdrcN5Y29ycA,PoliticalParty
X pop musicians,Mx4rvVisB5wpEbGdrcN5Y29ycA,Musician
Ns establishments in Germany,Mx4rvViA9JwpEbGdrcN5Y29ycA,Thing
Cattle breeds originating in X,Mx4rjnZWUyYfEdaGOQACs0uFOQ,Cattle-DomesticatedTypeByBreed
"Schools in X, Michigan",Mx4r3np2ODTxEdqAAAAH6RYvSQ,School-AcademicOrganization
"Census-designated places in X, California",Mx4rrPJDpCTfQdeS8IqP1a0lBw,PopulatedPlace
X hip hop groups,Mx4rvVij7ZwpEbGdrcN5Y29ycA,MusicPerformanceOrganization
"People from X, Western Australia",Mx4rvViAkpwpEbGdrcN5Y29ycA,Person
X Republicans,Mx4rvhvt4ZwpEbGdrcN5Y29ycA,Republican
N in biathlon,Mx4rvViA9JwpEbGdrcN5Y29ycA,Thing
X FC seasons,Mx4reRavYrKQEd2AAAAhm0jtOQ,FootballSeason
N Atlantic Coast Conference football season,Mx4rMZF1vrKQEd2AAAAhm0jtOQ,SportSeason
"People from X, Montana",Mx4rvViAkpwpEbGdrcN5Y29ycA,Person
X justices,Mx4rvViAkpwpEbGdrcN5Y29ycA,Person
"Education in X, Alabama",Mx4rvViA9JwpEbGdrcN5Y29ycA,Thing
Populated places on the X,Mx4rrPJDpCTfQdeS8IqP1a0lBw,PopulatedPlace
Fire stations completed in N,Mx4rwQCO1pwpEbGdrcN5Y29ycA,FireStation
"People from X, North Dakota",Mx4rvViAkpwpEbGdrcN5Y29ycA,Person
N elections in Germany,Mx4rwQrmEZwpEbGdrcN5Y29ycA,Election
X illustrators,Mx4robUeoyBKEdiRAAACs5b6Bw,Illustrator
X radio personalities,Mx4rvy3DbpwpEbGdrcN5Y29ycA,RadioPersonality
"Cities in X, Wisconsin",Mx4rvVjnZ5wpEbGdrcN5Y29ycA,City
X players of American football,Mx4rvVjtBpwpEbGdrcN5Y29ycA,FootballPlayer-American
X literary critics,Mx4rxLwPEBPHQdiOxIH5gWCidg,Critic
X people of Chinese descent,Mx4rvViAkpwpEbGdrcN5Y29ycA,Person
X founders,Mx4rOib6_BlGQdiRA4xXUo_iPA,Founder-Entrepreneur
"People from X, Ontario",Mx4rvViAkpwpEbGdrcN5Y29ycA,Person
X skiers,Mx4rFOwr9o12QdeYFMVwxtS1ag,SnowSkier
X Pirates players,Mx4rvVi--5wpEbGdrcN5Y29ycA,Athlete
Merchant ships of X,Mx4rvm1tKJwpEbGdrcN5Y29ycA,MerchantMarineShip-Bulk
X classical pianists,Mx4rwQCSB5wpEbGdrcN5Y29ycA,Pianist
"Cities in X, Nebraska",Mx4rvVjnZ5wpEbGdrcN5Y29ycA,City
X chefs,Mx4rvVj_zZwpEbGdrcN5Y29ycA,Chef
X javelin throwers,Mx4rvVi--5wpEbGdrcN5Y29ycA,Athlete
"Roads in X, Florida",Mx4rvyNjbZwpEbGdrcN5Y29ycA,Roadway
X in Shropshire,Mx4rvViA9JwpEbGdrcN5Y29ycA,Thing
County routes in X,Mx4rvyNjbZwpEbGdrcN5Y29ycA,Roadway
Railway stations on the X,Mx4rv6ZmoZwpEbGdrcN5Y29ycA,RailroadStation
Tributaries of the X River,Mx4rvVkHM5wpEbGdrcN5Y29ycA,River
X atheists,Mx4rvbK69JwpEbGdrcN5Y29ycA,Atheist
X scouts,Mx4ryPJOODDbQdic45ams7ynvA,Scout
Drug-related deaths in X,Mx4rvViAkpwpEbGdrcN5Y29ycA,Person
X jazz musicians,Mx4rvVisB5wpEbGdrcN5Y29ycA,Musician
Airlines disestablished in N,Mx4rvViq7pwpEbGdrcN5Y29ycA,AirlineCompany
"Villages in X, Missouri",Mx4rv33BppwpEbGdrcN5Y29ycA,Village
X orchestras,Mx4rvVjq95wpEbGdrcN5Y29ycA,Orchestra
"Populated places in X, Tennessee",Mx4rrPJDpCTfQdeS8IqP1a0lBw,PopulatedPlace
Boroughs in X,Mx4row2WOHwNQdeFcucrvFV0yw,Borough
Discoveries by X,Mx4rvVjReJwpEbGdrcN5Y29ycA,AstronomicalObject
"Cities in X, Iowa",Mx4rvVjnZ5wpEbGdrcN5Y29ycA,City
"Schools in X, Virginia",Mx4r3np2ODTxEdqAAAAH6RYvSQ,School-AcademicOrganization
N animated films,Mx4rvW_VwpwpEbGdrcN5Y29ycA,AnimatedMovie
X non-playing staff,Mx4rvViAkpwpEbGdrcN5Y29ycA,Person
X theorists,Mx4rvViaI5wpEbGdrcN5Y29ycA,Researcher
X rabbis,Mx4rvy3wrJwpEbGdrcN5Y29ycA,Rabbi
"Companies based in X, California",Mx4rvVjQNpwpEbGdrcN5Y29ycA,Business
N in Puerto Rico,Mx4rvViA9JwpEbGdrcN5Y29ycA,Thing
N domestic association football cups,Mx4rwOI75pwpEbGdrcN5Y29ycA,Tournament
Former X stations,Mx4rv6ZmoZwpEbGdrcN5Y29ycA,RailroadStation
Treaties entered into force in N,Mx4rwD8ghJwpEbGdrcN5Y29ycA,Treaty
Treaties concluded in N,Mx4rwD8ghJwpEbGdrcN5Y29ycA,Treaty
N essays,Mx4rwIgO8pwpEbGdrcN5Y29ycA,ProseLiteraryWork-CW
X male singers,Mx4rvVjiz5wpEbGdrcN5Y29ycA,Singer
"Buildings and structures in X, Virginia",Mx4rvVidpZwpEbGdrcN5Y29ycA,ConstructionArtifact
X men's soccer coaches,Mx4rvkHYp5wpEbGdrcN5Y29ycA,SoccerCoach
Populated places in the X Local Municipality,Mx4rrPJDpCTfQdeS8IqP1a0lBw,PopulatedPlace
X systems,Mx4rvViA9JwpEbGdrcN5Y29ycA,Thing
"California elections, N",Mx4rwQrmEZwpEbGdrcN5Y29ycA,Election
X companies of the United States,Mx4rvVjQNpwpEbGdrcN5Y29ycA,Business
X plays,Mx4rwClAZJwpEbGdrcN5Y29ycA,ConceptualWork
X F.C. matches,Mx4rvVjyf5wpEbGdrcN5Y29ycA,MatchSportsEvent
X Records soundtracks,Mx4rwL5Y-5wpEbGdrcN5Y29ycA,MovieSoundtrack
Motorsport in X,Mx4rvViA9JwpEbGdrcN5Y29ycA,Thing
People from X Department,Mx4rvViAkpwpEbGdrcN5Y29ycA,Person
Princes of X,Mx4rv10QMJwpEbGdrcN5Y29ycA,Prince
1880s in X,Mx4rvViA9JwpEbGdrcN5Y29ycA,Thing
Lord-Lieutenants of X,Mx4rwQryspwpEbGdrcN5Y29ycA,PublicOfficial
X saints,Mx4rwQCWO5wpEbGdrcN5Y29ycA,Saint
Earthquakes in X,Mx4rwQBYpZwpEbGdrcN5Y29ycA,Earthquake
Roman Catholic dioceses in X,Mx4rLHhrFCBjEdiNYwACs6hnlQ,Diocese-Catholic
People educated at X Grammar School,Mx4rvViAkpwpEbGdrcN5Y29ycA,Person
Comprehensive schools in X,Mx4r3np2ODTxEdqAAAAH6RYvSQ,School-AcademicOrganization
Ns BC deaths,Mx4rvViAkpwpEbGdrcN5Y29ycA,Person
"People from X, Indiana",Mx4rvViAkpwpEbGdrcN5Y29ycA,Person
Boarding schools in X,Mx4r3np2ODTxEdqAAAAH6RYvSQ,School-AcademicOrganization
X Roman Catholic bishops,Mx4rwN8hS5wpEbGdrcN5Y29ycA,Bishop-Clerical
People associated with X,Mx4rvViAkpwpEbGdrcN5Y29ycA,Person
French people of X descent,Mx4rwQw1P5wpEbGdrcN5Y29ycA,FrenchPerson
"United States Senate elections, N",Mx4rwQrmEZwpEbGdrcN5Y29ycA,Election
Palaces in X,Mx4rvVjpbJwpEbGdrcN5Y29ycA,PalaceBuilding
"People from X, Virginia",Mx4rvViAkpwpEbGdrcN5Y29ycA,Person
Districts of the X Province,Mx4rQWWHo1VvSE6OCrWPlC8k9A,District-State-Geopolitical
"People from X, Michigan",Mx4rvViAkpwpEbGdrcN5Y29ycA,Person
Short stories by X,Mx4rvViI6ZwpEbGdrcN5Y29ycA,ShortStory
X sprinters,Mx4rvViohZwpEbGdrcN5Y29ycA,Sprinter
X philosophers,Mx4rvVjuapwpEbGdrcN5Y29ycA,Philosopher
Caves of X,Mx4rvViDMJwpEbGdrcN5Y29ycA,Cave
1910s in X,Mx4rvViA9JwpEbGdrcN5Y29ycA,Thing
"New York elections, N",Mx4rwQrmEZwpEbGdrcN5Y29ycA,Election
Members of the Australian House of Representatives for X,Mx4r1PJrHNViQdaf4KqKrwDfPQ,ElectedOfficial
N sculptures,Mx4rvVis2pwpEbGdrcN5Y29ycA,Sculpture
Birds of X,Mx4rvVi8SJwpEbGdrcN5Y29ycA,Bird
X Football Club players,Mx4rvVi--5wpEbGdrcN5Y29ycA,Athlete
People of X,Mx4rvViAkpwpEbGdrcN5Y29ycA,Person
"People from X, Georgia",Mx4rvViAkpwpEbGdrcN5Y29ycA,Person
X diplomats,Mx4rv5VvH5wpEbGdrcN5Y29ycA,Diplomat
Hotel buildings completed in N,Mx4rvViIe5wpEbGdrcN5Y29ycA,HotelBuilding
X Records EPs,Mx4rwLmi3JwpEbGdrcN5Y29ycA,Album-CW
Mosques in X,Mx4rwJSZ7ZwpEbGdrcN5Y29ycA,Mosque-Building
N in the United States,Mx4rvViA9JwpEbGdrcN5Y29ycA,Thing
Plants described in N,Mx4rvVjG4ZwpEbGdrcN5Y29ycA,Plant
"Populated places in X, Texas",Mx4rrPJDpCTfQdeS8IqP1a0lBw,PopulatedPlace
Residential buildings completed in N,Mx4rgeLGglsLEdaAAACQJ5pZBw,ResidentialBuilding
"Buildings and structures in X, Texas",Mx4rvVidpZwpEbGdrcN5Y29ycA,ConstructionArtifact
Treaties of X,Mx4rwD8ghJwpEbGdrcN5Y29ycA,Treaty
Languages of X,Mx4rvVj0iZwpEbGdrcN5Y29ycA,Language
Borders of X,Mx4rd7-FiskjEdmAAAACs6hRjg,Borderline
1950s in X,Mx4rvViA9JwpEbGdrcN5Y29ycA,Thing
"People from X, Pennsylvania",Mx4rvViAkpwpEbGdrcN5Y29ycA,Person
1960s in X,Mx4rvViA9JwpEbGdrcN5Y29ycA,Thing
Skyscrapers in X,Mx4rvVjHDJwpEbGdrcN5Y29ycA,Skyscraper
N in cricket,Mx4rvViA9JwpEbGdrcN5Y29ycA,Thing
N poems,Mx4rvvm9OJwpEbGdrcN5Y29ycA,Poem-CW
X remix albums,Mx4rwLmi3JwpEbGdrcN5Y29ycA,Album-CW
N BC births,Mx4rvViAkpwpEbGdrcN5Y29ycA,Person
X Records live albums,Mx4rrCLPHuYRQdaYGdGb966k4g,LiveAlbum-CW
X basketball,Mx4rvViA9JwpEbGdrcN5Y29ycA,Thing
Universities in X,Mx4rvVjjvpwpEbGdrcN5Y29ycA,University
FC X players,Mx4rvVkDmZwpEbGdrcN5Y29ycA,SoccerPlayer
X in Wales,Mx4rvViA9JwpEbGdrcN5Y29ycA,Thing
"People from X, New Jersey",Mx4rvViAkpwpEbGdrcN5Y29ycA,Person
X actors,Mx4rvVjaHZwpEbGdrcN5Y29ycA,Actor
X episodes,Mx4rvnewlpwpEbGdrcN5Y29ycA,TVShow-CW
X F.C. managers,Mx4rvVi3YpwpEbGdrcN5Y29ycA,Manager
People from the X,Mx4rvViAkpwpEbGdrcN5Y29ycA,Person
X singers,Mx4rvVjiz5wpEbGdrcN5Y29ycA,Singer
Places of worship in X,Mx4rvVjTtJwpEbGdrcN5Y29ycA,Place
Populated places established in N,Mx4rrPJDpCTfQdeS8IqP1a0lBw,PopulatedPlace
N books,Mx4rvVjmq5wpEbGdrcN5Y29ycA,Book-CW
Governors of X,Mx4rvfxNJZwpEbGdrcN5Y29ycA,StateGovernor
X University faculty,Mx4rvViAkpwpEbGdrcN5Y29ycA,Person
Cities and towns in X district,Mx4rvVjnZ5wpEbGdrcN5Y29ycA,City
X languages,Mx4rvVj0iZwpEbGdrcN5Y29ycA,Language
N BC deaths,Mx4rvViAkpwpEbGdrcN5Y29ycA,Person
Compositions by X,Mx4rwUwN3ZwpEbGdrcN5Y29ycA,MusicalComposition
X football players,Mx4rvVjtBpwpEbGdrcN5Y29ycA,FootballPlayer-American
X football coaches,Mx4rvVjlaJwpEbGdrcN5Y29ycA,SportsCoach
X baseball players,Mx4rvVkI5ZwpEbGdrcN5Y29ycA,BaseballPlayer
Populated places in the X,Mx4rrPJDpCTfQdeS8IqP1a0lBw,PopulatedPlace
X University alumni,Mx4r1_WUCnWaQdeEdp-4peq4Og,Graduate
X EPs,Mx4rwLmi3JwpEbGdrcN5Y29ycA,Album-CW
X writers,Mx4rvVj7rpwpEbGdrcN5Y29ycA,Writer
Towns in X,Mx4rvuXm9JwpEbGdrcN5Y29ycA,Town
X Records albums,Mx4rwLmi3JwpEbGdrcN5Y29ycA,Album-CW
X artists,Mx4rvViAkpwpEbGdrcN5Y29ycA,Person
Rivers of X,Mx4rvVkHM5wpEbGdrcN5Y29ycA,River
Members of the X,Mx8NhB4rvcD6KJwpEbGdrcN5Y29ycB4rvsaaeJwpEbGdrcN5Y29ycB4rvViz-5wpEbGdrcN5Y29ycB4rvZGAFpwpEbGdrcN5Y29ycA,"[:SubcollectionOfWithRelationFromTypeFn, :""Agent-Generic"", :hasMembers, :MultiIndividualAgent]"
Railway stations in X,Mx4rv6ZmoZwpEbGdrcN5Y29ycA,RailroadStation
People educated at X,Mx4rvViAkpwpEbGdrcN5Y29ycA,Person
X films,Mx4rv973YpwpEbGdrcN5Y29ycA,Movie-CW
X compilation albums,Mx4rwLmi3JwpEbGdrcN5Y29ycA,Album-CW
Villages in X,Mx4rv33BppwpEbGdrcN5Y29ycA,Village
N births,Mx4rvViAkpwpEbGdrcN5Y29ycA,Person
N deaths,Mx4rvViAkpwpEbGdrcN5Y29ycA,Person
Albums produced by X,Mx4rwLmi3JwpEbGdrcN5Y29ycA,Album-CW
X people,Mx4rvViAkpwpEbGdrcN5Y29ycA,Person
X managers,Mx4rvVi3YpwpEbGdrcN5Y29ycA,Manager
X coaches,Mx4rvVjlaJwpEbGdrcN5Y29ycA,SportsCoach
X seasons,Mx4rvgEUH5wpEbGdrcN5Y29ycA,CalendarSeasonType
Schools in X,Mx4r3np2ODTxEdqAAAAH6RYvSQ,School-AcademicOrganization
Cities in X,Mx4rvVjnZ5wpEbGdrcN5Y29ycA,City
X politicians,Mx4rvVjntpwpEbGdrcN5Y29ycA,Politician
X alumni,Mx4r1_WUCnWaQdeEdp-4peq4Og,Graduate
Visitor attractions in X,Mx4rwPfOMJwpEbGdrcN5Y29ycA,TouristAttraction
Films directed by X,Mx4rv973YpwpEbGdrcN5Y29ycA,Movie-CW
Populated places in X,Mx4rrPJDpCTfQdeS8IqP1a0lBw,PopulatedPlace
X players,Mx4rvVi--5wpEbGdrcN5Y29ycA,Athlete
X albums,Mx4rwLmi3JwpEbGdrcN5Y29ycA,Album-CW
People from X,Mx4rvViAkpwpEbGdrcN5Y29ycA,Person
